# JRE version: OpenJDK Runtime Environment (8.0_202-b03) (build 1.8.0_202-release-1483-b03)
# Java VM: OpenJDK 64-Bit Server VM (25.202-b03 mixed mode windows-amd64 compressed oops)
Heap:
 PSYoungGen      total 491520K, used 121045K [0x00000000d5580000, 0x00000000fc700000, 0x0000000100000000)
  eden space 377856K, 12% used [0x00000000d5580000,0x00000000d8209798,0x00000000ec680000)
  from space 113664K, 66% used [0x00000000f5800000,0x00000000fa1abe98,0x00000000fc700000)
  to   space 104960K, 0% used [0x00000000ec680000,0x00000000ec680000,0x00000000f2d00000)
 ParOldGen       total 449024K, used 339784K [0x0000000080000000, 0x000000009b680000, 0x00000000d5580000)
  object space 449024K, 75% used [0x0000000080000000,0x0000000094bd2008,0x000000009b680000)
 Metaspace       used 92780K, capacity 97022K, committed 97280K, reserved 1134592K
  class space    used 11705K, capacity 12699K, committed 12800K, reserved 1048576K
GC Heap History (10 events):
Event: 69.641 GC heap before
{Heap before GC invocations=27 (full 7):
 PSYoungGen      total 482816K, used 458455K [0x00000000d5580000, 0x00000000fc700000, 0x0000000100000000)
  eden space 377856K, 100% used [0x00000000d5580000,0x00000000ec680000,0x00000000ec680000)
  from space 104960K, 76% used [0x00000000ec680000,0x00000000f1535f48,0x00000000f2d00000)
  to   space 113664K, 0% used [0x00000000f5800000,0x00000000f5800000,0x00000000fc700000)
 ParOldGen       total 449024K, used 99597K [0x0000000080000000, 0x000000009b680000, 0x00000000d5580000)
  object space 449024K, 22% used [0x0000000080000000,0x0000000086143538,0x000000009b680000)
 Metaspace       used 83615K, capacity 87032K, committed 87168K, reserved 1124352K
  class space    used 10476K, capacity 11290K, committed 11392K, reserved 1048576K
Event: 69.739 GC heap after
Heap after GC invocations=27 (full 7):
 PSYoungGen      total 491520K, used 113655K [0x00000000d5580000, 0x00000000fc700000, 0x0000000100000000)
  eden space 377856K, 0% used [0x00000000d5580000,0x00000000d5580000,0x00000000ec680000)
  from space 113664K, 99% used [0x00000000f5800000,0x00000000fc6fdc00,0x00000000fc700000)
  to   space 104960K, 0% used [0x00000000ec680000,0x00000000ec680000,0x00000000f2d00000)
 ParOldGen       total 449024K, used 167029K [0x0000000080000000, 0x000000009b680000, 0x00000000d5580000)
  object space 449024K, 37% used [0x0000000080000000,0x000000008a31d7f0,0x000000009b680000)
 Metaspace       used 83615K, capacity 87032K, committed 87168K, reserved 1124352K
  class space    used 10476K, capacity 11290K, committed 11392K, reserved 1048576K
}
Event: 71.064 GC heap before
{Heap before GC invocations=28 (full 7):
 PSYoungGen      total 491520K, used 491511K [0x00000000d5580000, 0x00000000fc700000, 0x0000000100000000)
  eden space 377856K, 100% used [0x00000000d5580000,0x00000000ec680000,0x00000000ec680000)
  from space 113664K, 99% used [0x00000000f5800000,0x00000000fc6fdc00,0x00000000fc700000)
  to   space 104960K, 0% used [0x00000000ec680000,0x00000000ec680000,0x00000000f2d00000)
 ParOldGen       total 449024K, used 167029K [0x0000000080000000, 0x000000009b680000, 0x00000000d5580000)
  object space 449024K, 37% used [0x0000000080000000,0x000000008a31d7f0,0x000000009b680000)
 Metaspace       used 83658K, capacity 87096K, committed 87424K, reserved 1126400K
  class space    used 10476K, capacity 11290K, committed 11392K, reserved 1048576K
Event: 71.161 GC heap after
Heap after GC invocations=28 (full 7):
 PSYoungGen      total 482816K, used 60735K [0x00000000d5580000, 0x00000000fc700000, 0x0000000100000000)
  eden space 377856K, 0% used [0x00000000d5580000,0x00000000d5580000,0x00000000ec680000)
  from space 104960K, 57% used [0x00000000ec680000,0x00000000f01cffd0,0x00000000f2d00000)
  to   space 113664K, 0% used [0x00000000f5800000,0x00000000f5800000,0x00000000fc700000)
 ParOldGen       total 449024K, used 278853K [0x0000000080000000, 0x000000009b680000, 0x00000000d5580000)
  object space 449024K, 62% used [0x0000000080000000,0x0000000091051790,0x000000009b680000)
 Metaspace       used 83658K, capacity 87096K, committed 87424K, reserved 1126400K
  class space    used 10476K, capacity 11290K, committed 11392K, reserved 1048576K
}
Event: 72.888 GC heap before
{Heap before GC invocations=29 (full 7):
 PSYoungGen      total 482816K, used 438591K [0x00000000d5580000, 0x00000000fc700000, 0x0000000100000000)
  eden space 377856K, 100% used [0x00000000d5580000,0x00000000ec680000,0x00000000ec680000)
  from space 104960K, 57% used [0x00000000ec680000,0x00000000f01cffd0,0x00000000f2d00000)
  to   space 113664K, 0% used [0x00000000f5800000,0x00000000f5800000,0x00000000fc700000)
 ParOldGen       total 449024K, used 278853K [0x0000000080000000, 0x000000009b680000, 0x00000000d5580000)
  object space 449024K, 62% used [0x0000000080000000,0x0000000091051790,0x000000009b680000)
 Metaspace       used 83713K, capacity 87160K, committed 87424K, reserved 1126400K
  class space    used 10477K, capacity 11290K, committed 11392K, reserved 1048576K
Event: 72.928 GC heap after
Heap after GC invocations=29 (full 7):
 PSYoungGen      total 491520K, used 55870K [0x00000000d5580000, 0x00000000fc700000, 0x0000000100000000)
  eden space 377856K, 0% used [0x00000000d5580000,0x00000000d5580000,0x00000000ec680000)
  from space 113664K, 49% used [0x00000000f5800000,0x00000000f8e8f948,0x00000000fc700000)
  to   space 104960K, 0% used [0x00000000ec680000,0x00000000ec680000,0x00000000f2d00000)
 ParOldGen       total 449024K, used 278861K [0x0000000080000000, 0x000000009b680000, 0x00000000d5580000)
  object space 449024K, 62% used [0x0000000080000000,0x0000000091053790,0x000000009b680000)
 Metaspace       used 83713K, capacity 87160K, committed 87424K, reserved 1126400K
  class space    used 10477K, capacity 11290K, committed 11392K, reserved 1048576K
}
Event: 73.623 GC heap before
{Heap before GC invocations=30 (full 7):
 PSYoungGen      total 491520K, used 433726K [0x00000000d5580000, 0x00000000fc700000, 0x0000000100000000)
  eden space 377856K, 100% used [0x00000000d5580000,0x00000000ec680000,0x00000000ec680000)
  from space 113664K, 49% used [0x00000000f5800000,0x00000000f8e8f948,0x00000000fc700000)
  to   space 104960K, 0% used [0x00000000ec680000,0x00000000ec680000,0x00000000f2d00000)
 ParOldGen       total 449024K, used 278861K [0x0000000080000000, 0x000000009b680000, 0x00000000d5580000)
  object space 449024K, 62% used [0x0000000080000000,0x0000000091053790,0x000000009b680000)
 Metaspace       used 84403K, capacity 87944K, committed 88192K, reserved 1126400K
  class space    used 10545K, capacity 11382K, committed 11392K, reserved 1048576K
Event: 73.698 GC heap after
Heap after GC invocations=30 (full 7):
 PSYoungGen      total 482816K, used 104953K [0x00000000d5580000, 0x00000000fc700000, 0x0000000100000000)
  eden space 377856K, 0% used [0x00000000d5580000,0x00000000d5580000,0x00000000ec680000)
  from space 104960K, 99% used [0x00000000ec680000,0x00000000f2cfe7f8,0x00000000f2d00000)
  to   space 113664K, 0% used [0x00000000f5800000,0x00000000f5800000,0x00000000fc700000)
 ParOldGen       total 449024K, used 284534K [0x0000000080000000, 0x000000009b680000, 0x00000000d5580000)
  object space 449024K, 63% used [0x0000000080000000,0x00000000915ddbf0,0x000000009b680000)
 Metaspace       used 84403K, capacity 87944K, committed 88192K, reserved 1126400K
  class space    used 10545K, capacity 11382K, committed 11392K, reserved 1048576K
}
Event: 74.663 GC heap before
{Heap before GC invocations=31 (full 7):
 PSYoungGen      total 482816K, used 482809K [0x00000000d5580000, 0x00000000fc700000, 0x0000000100000000)
  eden space 377856K, 100% used [0x00000000d5580000,0x00000000ec680000,0x00000000ec680000)
  from space 104960K, 99% used [0x00000000ec680000,0x00000000f2cfe7f8,0x00000000f2d00000)
  to   space 113664K, 0% used [0x00000000f5800000,0x00000000f5800000,0x00000000fc700000)
 ParOldGen       total 449024K, used 284534K [0x0000000080000000, 0x000000009b680000, 0x00000000d5580000)
  object space 449024K, 63% used [0x0000000080000000,0x00000000915ddbf0,0x000000009b680000)
 Metaspace       used 92035K, capacity 96330K, committed 96384K, reserved 1132544K
  class space    used 11624K, capacity 12625K, committed 12672K, reserved 1048576K
Event: 74.745 GC heap after
Heap after GC invocations=31 (full 7):
 PSYoungGen      total 491520K, used 75439K [0x00000000d5580000, 0x00000000fc700000, 0x0000000100000000)
  eden space 377856K, 0% used [0x00000000d5580000,0x00000000d5580000,0x00000000ec680000)
  from space 113664K, 66% used [0x00000000f5800000,0x00000000fa1abe98,0x00000000fc700000)
  to   space 104960K, 0% used [0x00000000ec680000,0x00000000ec680000,0x00000000f2d00000)
 ParOldGen       total 449024K, used 339784K [0x0000000080000000, 0x000000009b680000, 0x00000000d5580000)
  object space 449024K, 75% used [0x0000000080000000,0x0000000094bd2008,0x000000009b680000)
 Metaspace       used 92035K, capacity 96330K, committed 96384K, reserved 1132544K
  class space    used 11624K, capacity 12625K, committed 12672K, reserved 1048576K
}

