# JRE version: OpenJDK Runtime Environment (8.0_202-b03) (build 1.8.0_202-release-1483-b03)
# Java VM: OpenJDK 64-Bit Server VM (25.202-b03 mixed mode windows-amd64 compressed oops)
Heap:
 PSYoungGen      total 532992K, used 111695K [0x00000000d5580000, 0x0000000100000000, 0x0000000100000000)
  eden space 377344K, 26% used [0x00000000d5580000,0x00000000db6c4060,0x00000000ec600000)
  from space 155648K, 7% used [0x00000000ec600000,0x00000000ed1cfd20,0x00000000f5e00000)
  to   space 154624K, 0% used [0x00000000f6900000,0x00000000f6900000,0x0000000100000000)
 ParOldGen       total 865792K, used 638255K [0x0000000080000000, 0x00000000b4d80000, 0x00000000d5580000)
  object space 865792K, 73% used [0x0000000080000000,0x00000000a6f4bf18,0x00000000b4d80000)
 Metaspace       used 123378K, capacity 131092K, committed 131288K, reserved 1165312K
  class space    used 14309K, capacity 15742K, committed 15872K, reserved 1048576K
GC Heap History (10 events):
Event: 25061.061 GC heap before
{Heap before GC invocations=252 (full 21):
 PSYoungGen      total 530944K, used 399018K [0x00000000d5580000, 0x0000000100000000, 0x0000000100000000)
  eden space 375808K, 100% used [0x00000000d5580000,0x00000000ec480000,0x00000000ec480000)
  from space 155136K, 14% used [0x00000000f5900000,0x00000000f6faa930,0x00000000ff080000)
  to   space 152064K, 0% used [0x00000000ec480000,0x00000000ec480000,0x00000000f5900000)
 ParOldGen       total 865792K, used 380596K [0x0000000080000000, 0x00000000b4d80000, 0x00000000d5580000)
  object space 865792K, 43% used [0x0000000080000000,0x00000000973ad2f8,0x00000000b4d80000)
 Metaspace       used 122670K, capacity 130428K, committed 131288K, reserved 1165312K
  class space    used 14246K, capacity 15674K, committed 15872K, reserved 1048576K
Event: 25061.117 GC heap after
Heap after GC invocations=252 (full 21):
 PSYoungGen      total 527872K, used 82017K [0x00000000d5580000, 0x00000000ffc00000, 0x0000000100000000)
  eden space 375808K, 0% used [0x00000000d5580000,0x00000000d5580000,0x00000000ec480000)
  from space 152064K, 53% used [0x00000000ec480000,0x00000000f1498710,0x00000000f5900000)
  to   space 151552K, 0% used [0x00000000f6800000,0x00000000f6800000,0x00000000ffc00000)
 ParOldGen       total 865792K, used 401750K [0x0000000080000000, 0x00000000b4d80000, 0x00000000d5580000)
  object space 865792K, 46% used [0x0000000080000000,0x0000000098855a18,0x00000000b4d80000)
 Metaspace       used 122670K, capacity 130428K, committed 131288K, reserved 1165312K
  class space    used 14246K, capacity 15674K, committed 15872K, reserved 1048576K
}
Event: 25061.739 GC heap before
{Heap before GC invocations=253 (full 21):
 PSYoungGen      total 527872K, used 457825K [0x00000000d5580000, 0x00000000ffc00000, 0x0000000100000000)
  eden space 375808K, 100% used [0x00000000d5580000,0x00000000ec480000,0x00000000ec480000)
  from space 152064K, 53% used [0x00000000ec480000,0x00000000f1498710,0x00000000f5900000)
  to   space 151552K, 0% used [0x00000000f6800000,0x00000000f6800000,0x00000000ffc00000)
 ParOldGen       total 865792K, used 401750K [0x0000000080000000, 0x00000000b4d80000, 0x00000000d5580000)
  object space 865792K, 46% used [0x0000000080000000,0x0000000098855a18,0x00000000b4d80000)
 Metaspace       used 123311K, capacity 131086K, committed 131288K, reserved 1165312K
  class space    used 14309K, capacity 15741K, committed 15872K, reserved 1048576K
Event: 25061.821 GC heap after
Heap after GC invocations=253 (full 21):
 PSYoungGen      total 520704K, used 120339K [0x00000000d5580000, 0x0000000100000000, 0x0000000100000000)
  eden space 369152K, 0% used [0x00000000d5580000,0x00000000d5580000,0x00000000ebe00000)
  from space 151552K, 79% used [0x00000000f6800000,0x00000000fdd84f20,0x00000000ffc00000)
  to   space 164864K, 0% used [0x00000000ebe00000,0x00000000ebe00000,0x00000000f5f00000)
 ParOldGen       total 865792K, used 467312K [0x0000000080000000, 0x00000000b4d80000, 0x00000000d5580000)
  object space 865792K, 53% used [0x0000000080000000,0x000000009c85c3e8,0x00000000b4d80000)
 Metaspace       used 123311K, capacity 131086K, committed 131288K, reserved 1165312K
  class space    used 14309K, capacity 15741K, committed 15872K, reserved 1048576K
}
Event: 25062.618 GC heap before
{Heap before GC invocations=254 (full 21):
 PSYoungGen      total 520704K, used 489491K [0x00000000d5580000, 0x0000000100000000, 0x0000000100000000)
  eden space 369152K, 100% used [0x00000000d5580000,0x00000000ebe00000,0x00000000ebe00000)
  from space 151552K, 79% used [0x00000000f6800000,0x00000000fdd84f20,0x00000000ffc00000)
  to   space 164864K, 0% used [0x00000000ebe00000,0x00000000ebe00000,0x00000000f5f00000)
 ParOldGen       total 865792K, used 467312K [0x0000000080000000, 0x00000000b4d80000, 0x00000000d5580000)
  object space 865792K, 53% used [0x0000000080000000,0x000000009c85c3e8,0x00000000b4d80000)
 Metaspace       used 123312K, capacity 131086K, committed 131288K, reserved 1165312K
  class space    used 14309K, capacity 15741K, committed 15872K, reserved 1048576K
Event: 25062.700 GC heap after
Heap after GC invocations=254 (full 21):
 PSYoungGen      total 534016K, used 57491K [0x00000000d5580000, 0x00000000ffd00000, 0x0000000100000000)
  eden space 369152K, 0% used [0x00000000d5580000,0x00000000d5580000,0x00000000ebe00000)
  from space 164864K, 34% used [0x00000000ebe00000,0x00000000ef624e70,0x00000000f5f00000)
  to   space 156672K, 0% used [0x00000000f6400000,0x00000000f6400000,0x00000000ffd00000)
 ParOldGen       total 865792K, used 585746K [0x0000000080000000, 0x00000000b4d80000, 0x00000000d5580000)
  object space 865792K, 67% used [0x0000000080000000,0x00000000a3c049a8,0x00000000b4d80000)
 Metaspace       used 123312K, capacity 131086K, committed 131288K, reserved 1165312K
  class space    used 14309K, capacity 15741K, committed 15872K, reserved 1048576K
}
Event: 25063.800 GC heap before
{Heap before GC invocations=255 (full 21):
 PSYoungGen      total 534016K, used 426643K [0x00000000d5580000, 0x00000000ffd00000, 0x0000000100000000)
  eden space 369152K, 100% used [0x00000000d5580000,0x00000000ebe00000,0x00000000ebe00000)
  from space 164864K, 34% used [0x00000000ebe00000,0x00000000ef624e70,0x00000000f5f00000)
  to   space 156672K, 0% used [0x00000000f6400000,0x00000000f6400000,0x00000000ffd00000)
 ParOldGen       total 865792K, used 585746K [0x0000000080000000, 0x00000000b4d80000, 0x00000000d5580000)
  object space 865792K, 67% used [0x0000000080000000,0x00000000a3c049a8,0x00000000b4d80000)
 Metaspace       used 123312K, capacity 131086K, committed 131288K, reserved 1165312K
  class space    used 14309K, capacity 15741K, committed 15872K, reserved 1048576K
Event: 25063.843 GC heap after
Heap after GC invocations=255 (full 21):
 PSYoungGen      total 526848K, used 17892K [0x00000000d5580000, 0x00000000ff600000, 0x0000000100000000)
  eden space 377344K, 0% used [0x00000000d5580000,0x00000000d5580000,0x00000000ec600000)
  from space 149504K, 11% used [0x00000000f6400000,0x00000000f7579278,0x00000000ff600000)
  to   space 155648K, 0% used [0x00000000ec600000,0x00000000ec600000,0x00000000f5e00000)
 ParOldGen       total 865792K, used 621769K [0x0000000080000000, 0x00000000b4d80000, 0x00000000d5580000)
  object space 865792K, 71% used [0x0000000080000000,0x00000000a5f32528,0x00000000b4d80000)
 Metaspace       used 123312K, capacity 131086K, committed 131288K, reserved 1165312K
  class space    used 14309K, capacity 15741K, committed 15872K, reserved 1048576K
}
Event: 25065.692 GC heap before
{Heap before GC invocations=256 (full 21):
 PSYoungGen      total 526848K, used 395236K [0x00000000d5580000, 0x00000000ff600000, 0x0000000100000000)
  eden space 377344K, 100% used [0x00000000d5580000,0x00000000ec600000,0x00000000ec600000)
  from space 149504K, 11% used [0x00000000f6400000,0x00000000f7579278,0x00000000ff600000)
  to   space 155648K, 0% used [0x00000000ec600000,0x00000000ec600000,0x00000000f5e00000)
 ParOldGen       total 865792K, used 621769K [0x0000000080000000, 0x00000000b4d80000, 0x00000000d5580000)
  object space 865792K, 71% used [0x0000000080000000,0x00000000a5f32528,0x00000000b4d80000)
 Metaspace       used 123314K, capacity 131086K, committed 131288K, reserved 1165312K
  class space    used 14309K, capacity 15741K, committed 15872K, reserved 1048576K
Event: 25065.716 GC heap after
Heap after GC invocations=256 (full 21):
 PSYoungGen      total 532992K, used 12095K [0x00000000d5580000, 0x0000000100000000, 0x0000000100000000)
  eden space 377344K, 0% used [0x00000000d5580000,0x00000000d5580000,0x00000000ec600000)
  from space 155648K, 7% used [0x00000000ec600000,0x00000000ed1cfd20,0x00000000f5e00000)
  to   space 154624K, 0% used [0x00000000f6900000,0x00000000f6900000,0x0000000100000000)
 ParOldGen       total 865792K, used 638255K [0x0000000080000000, 0x00000000b4d80000, 0x00000000d5580000)
  object space 865792K, 73% used [0x0000000080000000,0x00000000a6f4bf18,0x00000000b4d80000)
 Metaspace       used 123314K, capacity 131086K, committed 131288K, reserved 1165312K
  class space    used 14309K, capacity 15741K, committed 15872K, reserved 1048576K
}

